0 info it worked if it ends with ok
1 verbose cli [ '/home/ubuntu/.nvm/v0.10.35/bin/node',
1 verbose cli   '/home/ubuntu/.nvm/v0.10.35/bin/npm',
1 verbose cli   'install',
1 verbose cli   'express-generato r-g' ]
2 info using npm@1.4.28
3 info using node@v0.10.35
4 verbose cache add [ 'express-generator-g', null ]
5 verbose cache add name=undefined spec="express-generator-g" args=["express-generator-g",null]
6 verbose parsed url { protocol: null,
6 verbose parsed url   slashes: null,
6 verbose parsed url   auth: null,
6 verbose parsed url   host: null,
6 verbose parsed url   port: null,
6 verbose parsed url   hostname: null,
6 verbose parsed url   hash: null,
6 verbose parsed url   search: null,
6 verbose parsed url   query: null,
6 verbose parsed url   pathname: 'express-generator-g',
6 verbose parsed url   path: 'express-generator-g',
6 verbose parsed url   href: 'express-generator-g' }
7 silly lockFile 61e872eb-express-generator-g express-generator-g
8 verbose lock express-generator-g /home/ubuntu/.npm/61e872eb-express-generator-g.lock
9 silly lockFile 61e872eb-express-generator-g express-generator-g
10 silly lockFile 61e872eb-express-generator-g express-generator-g
11 verbose addNamed [ 'express-generator-g', '' ]
12 verbose addNamed [ null, '*' ]
13 silly lockFile 9dd97483-express-generator-g express-generator-g@
14 verbose lock express-generator-g@ /home/ubuntu/.npm/9dd97483-express-generator-g.lock
15 silly addNameRange { name: 'express-generator-g', range: '*', hasData: false }
16 verbose request where is /express-generator-g
17 verbose request registry https://registry.npmjs.org/
18 verbose request id dea9b5bce37887b8
19 verbose url raw /express-generator-g
20 verbose url resolving [ 'https://registry.npmjs.org/', './express-generator-g' ]
21 verbose url resolved https://registry.npmjs.org/express-generator-g
22 verbose request where is https://registry.npmjs.org/express-generator-g
23 info trying registry request attempt 1 at 22:33:35
24 http GET https://registry.npmjs.org/express-generator-g
25 http 404 https://registry.npmjs.org/express-generator-g
26 verbose headers { date: 'Sun, 22 Mar 2015 22:33:36 GMT',
26 verbose headers   server: 'CouchDB/1.5.0 (Erlang OTP/R16B03)',
26 verbose headers   'content-type': 'application/json',
26 verbose headers   'cache-control': 'max-age=0',
26 verbose headers   'content-length': '51',
26 verbose headers   'accept-ranges': 'bytes',
26 verbose headers   via: '1.1 varnish',
26 verbose headers   age: '0',
26 verbose headers   'x-served-by': 'cache-dfw1821-DFW',
26 verbose headers   'x-cache': 'MISS',
26 verbose headers   'x-cache-hits': '0',
26 verbose headers   'x-timer': 'S1427063616.142980,VS0,VE187',
26 verbose headers   'keep-alive': 'timeout=10, max=50',
26 verbose headers   connection: 'Keep-Alive' }
27 silly registry.get cb [ 404,
27 silly registry.get   { date: 'Sun, 22 Mar 2015 22:33:36 GMT',
27 silly registry.get     server: 'CouchDB/1.5.0 (Erlang OTP/R16B03)',
27 silly registry.get     'content-type': 'application/json',
27 silly registry.get     'cache-control': 'max-age=0',
27 silly registry.get     'content-length': '51',
27 silly registry.get     'accept-ranges': 'bytes',
27 silly registry.get     via: '1.1 varnish',
27 silly registry.get     age: '0',
27 silly registry.get     'x-served-by': 'cache-dfw1821-DFW',
27 silly registry.get     'x-cache': 'MISS',
27 silly registry.get     'x-cache-hits': '0',
27 silly registry.get     'x-timer': 'S1427063616.142980,VS0,VE187',
27 silly registry.get     'keep-alive': 'timeout=10, max=50',
27 silly registry.get     connection: 'Keep-Alive' } ]
28 silly lockFile 9dd97483-express-generator-g express-generator-g@
29 silly lockFile 9dd97483-express-generator-g express-generator-g@
30 error 404 404 Not Found: express-generator-g
30 error 404
30 error 404 'express-generator-g' is not in the npm registry.
30 error 404 You should bug the author to publish it
30 error 404
30 error 404 Note that you can also install from a
30 error 404 tarball, folder, or http url, or git url.
31 error System Linux 3.14.13-c9
32 error command "/home/ubuntu/.nvm/v0.10.35/bin/node" "/home/ubuntu/.nvm/v0.10.35/bin/npm" "install" "express-generator-g"
33 error cwd /home/ubuntu/workspace
34 error node -v v0.10.35
35 error npm -v 1.4.28
36 error code E404
37 verbose exit [ 1, true ]
